{"C:\\Users\\seans\\Desktop\\4205F5MO-Projet\\backend\\controllers\\ideaController.js": {"path":"C:\\Users\\seans\\Desktop\\4205F5MO-Projet\\backend\\controllers\\ideaController.js","statementMap":{"0":{"start":{"line":2,"column":20},"end":{"line":2,"column":42}},"1":{"start":{"line":3,"column":19},"end":{"line":3,"column":49}},"2":{"start":{"line":4,"column":19},"end":{"line":4,"column":49}},"3":{"start":{"line":7,"column":25},"end":{"line":15,"column":1}},"4":{"start":{"line":8,"column":2},"end":{"line":14,"column":5}},"5":{"start":{"line":9,"column":19},"end":{"line":12,"column":6}},"6":{"start":{"line":10,"column":6},"end":{"line":11,"column":25}},"7":{"start":{"line":10,"column":18},"end":{"line":10,"column":34}},"8":{"start":{"line":11,"column":11},"end":{"line":11,"column":25}},"9":{"start":{"line":13,"column":4},"end":{"line":13,"column":54}},"10":{"start":{"line":18,"column":20},"end":{"line":25,"column":1}},"11":{"start":{"line":19,"column":2},"end":{"line":24,"column":3}},"12":{"start":{"line":20,"column":18},"end":{"line":20,"column":48}},"13":{"start":{"line":21,"column":4},"end":{"line":21,"column":20}},"14":{"start":{"line":23,"column":4},"end":{"line":23,"column":49}},"15":{"start":{"line":28,"column":20},"end":{"line":41,"column":1}},"16":{"start":{"line":29,"column":2},"end":{"line":40,"column":3}},"17":{"start":{"line":30,"column":15},"end":{"line":30,"column":28}},"18":{"start":{"line":31,"column":17},"end":{"line":31,"column":49}},"19":{"start":{"line":33,"column":4},"end":{"line":35,"column":5}},"20":{"start":{"line":34,"column":6},"end":{"line":34,"column":65}},"21":{"start":{"line":37,"column":4},"end":{"line":37,"column":19}},"22":{"start":{"line":39,"column":4},"end":{"line":39,"column":49}},"23":{"start":{"line":44,"column":19},"end":{"line":66,"column":1}},"24":{"start":{"line":45,"column":2},"end":{"line":65,"column":3}},"25":{"start":{"line":46,"column":19},"end":{"line":46,"column":23}},"26":{"start":{"line":48,"column":4},"end":{"line":51,"column":5}},"27":{"start":{"line":49,"column":21},"end":{"line":49,"column":60}},"28":{"start":{"line":50,"column":6},"end":{"line":50,"column":35}},"29":{"start":{"line":53,"column":20},"end":{"line":58,"column":5}},"30":{"start":{"line":60,"column":24},"end":{"line":60,"column":60}},"31":{"start":{"line":61,"column":4},"end":{"line":61,"column":74}},"32":{"start":{"line":63,"column":4},"end":{"line":63,"column":23}},"33":{"start":{"line":64,"column":4},"end":{"line":64,"column":76}},"34":{"start":{"line":69,"column":19},"end":{"line":79,"column":1}},"35":{"start":{"line":70,"column":2},"end":{"line":78,"column":3}},"36":{"start":{"line":71,"column":15},"end":{"line":71,"column":28}},"37":{"start":{"line":72,"column":17},"end":{"line":72,"column":25}},"38":{"start":{"line":74,"column":24},"end":{"line":74,"column":61}},"39":{"start":{"line":75,"column":4},"end":{"line":75,"column":61}},"40":{"start":{"line":77,"column":4},"end":{"line":77,"column":49}},"41":{"start":{"line":82,"column":19},"end":{"line":90,"column":1}},"42":{"start":{"line":83,"column":2},"end":{"line":89,"column":3}},"43":{"start":{"line":84,"column":15},"end":{"line":84,"column":28}},"44":{"start":{"line":85,"column":4},"end":{"line":85,"column":36}},"45":{"start":{"line":86,"column":4},"end":{"line":86,"column":42}},"46":{"start":{"line":88,"column":4},"end":{"line":88,"column":49}},"47":{"start":{"line":92,"column":0},"end":{"line":98,"column":2}}},"fnMap":{"0":{"name":"(anonymous_0)","decl":{"start":{"line":7,"column":25},"end":{"line":7,"column":26}},"loc":{"start":{"line":7,"column":37},"end":{"line":15,"column":1}},"line":7},"1":{"name":"(anonymous_1)","decl":{"start":{"line":8,"column":21},"end":{"line":8,"column":22}},"loc":{"start":{"line":8,"column":42},"end":{"line":14,"column":3}},"line":8},"2":{"name":"(anonymous_2)","decl":{"start":{"line":9,"column":53},"end":{"line":9,"column":54}},"loc":{"start":{"line":9,"column":72},"end":{"line":12,"column":5}},"line":9},"3":{"name":"(anonymous_3)","decl":{"start":{"line":18,"column":20},"end":{"line":18,"column":21}},"loc":{"start":{"line":18,"column":40},"end":{"line":25,"column":1}},"line":18},"4":{"name":"(anonymous_4)","decl":{"start":{"line":28,"column":20},"end":{"line":28,"column":21}},"loc":{"start":{"line":28,"column":40},"end":{"line":41,"column":1}},"line":28},"5":{"name":"(anonymous_5)","decl":{"start":{"line":44,"column":19},"end":{"line":44,"column":20}},"loc":{"start":{"line":44,"column":39},"end":{"line":66,"column":1}},"line":44},"6":{"name":"(anonymous_6)","decl":{"start":{"line":69,"column":19},"end":{"line":69,"column":20}},"loc":{"start":{"line":69,"column":39},"end":{"line":79,"column":1}},"line":69},"7":{"name":"(anonymous_7)","decl":{"start":{"line":82,"column":19},"end":{"line":82,"column":20}},"loc":{"start":{"line":82,"column":39},"end":{"line":90,"column":1}},"line":82}},"branchMap":{"0":{"loc":{"start":{"line":10,"column":6},"end":{"line":11,"column":25}},"type":"if","locations":[{"start":{"line":10,"column":6},"end":{"line":11,"column":25}},{"start":{"line":11,"column":11},"end":{"line":11,"column":25}}],"line":10},"1":{"loc":{"start":{"line":33,"column":4},"end":{"line":35,"column":5}},"type":"if","locations":[{"start":{"line":33,"column":4},"end":{"line":35,"column":5}},{"start":{},"end":{}}],"line":33},"2":{"loc":{"start":{"line":48,"column":4},"end":{"line":51,"column":5}},"type":"if","locations":[{"start":{"line":48,"column":4},"end":{"line":51,"column":5}},{"start":{},"end":{}}],"line":48},"3":{"loc":{"start":{"line":64,"column":34},"end":{"line":64,"column":72}},"type":"binary-expr","locations":[{"start":{"line":64,"column":34},"end":{"line":64,"column":45}},{"start":{"line":64,"column":49},"end":{"line":64,"column":72}}],"line":64}},"s":{"0":1,"1":1,"2":1,"3":1,"4":2,"5":2,"6":2,"7":1,"8":1,"9":2,"10":1,"11":2,"12":2,"13":1,"14":1,"15":1,"16":3,"17":3,"18":3,"19":2,"20":1,"21":1,"22":1,"23":1,"24":3,"25":3,"26":3,"27":2,"28":1,"29":2,"30":2,"31":2,"32":1,"33":1,"34":1,"35":1,"36":1,"37":1,"38":1,"39":1,"40":0,"41":1,"42":1,"43":1,"44":1,"45":1,"46":0,"47":1},"f":{"0":2,"1":2,"2":2,"3":2,"4":3,"5":3,"6":1,"7":1},"b":{"0":[1,1],"1":[1,1],"2":[2,1],"3":[1,0]},"_coverageSchema":"1a1c01bbd47fc00a2c39e90264f33305004495a9","hash":"9250fc7759b6c3798ddb8cc1a0faf3d97f1a7a15"}
,"C:\\Users\\seans\\Desktop\\4205F5MO-Projet\\backend\\controllers\\userController.js": {"path":"C:\\Users\\seans\\Desktop\\4205F5MO-Projet\\backend\\controllers\\userController.js","statementMap":{"0":{"start":{"line":2,"column":13},"end":{"line":2,"column":43}},"1":{"start":{"line":3,"column":20},"end":{"line":3,"column":42}},"2":{"start":{"line":4,"column":19},"end":{"line":4,"column":49}},"3":{"start":{"line":6,"column":25},"end":{"line":14,"column":1}},"4":{"start":{"line":7,"column":2},"end":{"line":13,"column":5}},"5":{"start":{"line":8,"column":19},"end":{"line":11,"column":6}},"6":{"start":{"line":9,"column":6},"end":{"line":10,"column":25}},"7":{"start":{"line":9,"column":18},"end":{"line":9,"column":34}},"8":{"start":{"line":10,"column":11},"end":{"line":10,"column":25}},"9":{"start":{"line":12,"column":4},"end":{"line":12,"column":54}},"10":{"start":{"line":16,"column":27},"end":{"line":40,"column":1}},"11":{"start":{"line":17,"column":2},"end":{"line":39,"column":3}},"12":{"start":{"line":18,"column":23},"end":{"line":18,"column":31}},"13":{"start":{"line":19,"column":4},"end":{"line":21,"column":5}},"14":{"start":{"line":20,"column":6},"end":{"line":20,"column":63}},"15":{"start":{"line":23,"column":19},"end":{"line":23,"column":23}},"16":{"start":{"line":25,"column":4},"end":{"line":25,"column":78}},"17":{"start":{"line":25,"column":19},"end":{"line":25,"column":78}},"18":{"start":{"line":27,"column":19},"end":{"line":27,"column":58}},"19":{"start":{"line":28,"column":24},"end":{"line":31,"column":5}},"20":{"start":{"line":33,"column":4},"end":{"line":36,"column":7}},"21":{"start":{"line":38,"column":4},"end":{"line":38,"column":49}},"22":{"start":{"line":43,"column":17},"end":{"line":50,"column":1}},"23":{"start":{"line":44,"column":2},"end":{"line":49,"column":3}},"24":{"start":{"line":45,"column":18},"end":{"line":45,"column":42}},"25":{"start":{"line":46,"column":4},"end":{"line":46,"column":20}},"26":{"start":{"line":48,"column":4},"end":{"line":48,"column":49}},"27":{"start":{"line":53,"column":16},"end":{"line":63,"column":1}},"28":{"start":{"line":54,"column":13},"end":{"line":54,"column":26}},"29":{"start":{"line":55,"column":2},"end":{"line":62,"column":3}},"30":{"start":{"line":56,"column":17},"end":{"line":56,"column":43}},"31":{"start":{"line":57,"column":4},"end":{"line":58,"column":73}},"32":{"start":{"line":58,"column":6},"end":{"line":58,"column":73}},"33":{"start":{"line":59,"column":4},"end":{"line":59,"column":19}},"34":{"start":{"line":61,"column":4},"end":{"line":61,"column":49}},"35":{"start":{"line":66,"column":19},"end":{"line":81,"column":1}},"36":{"start":{"line":67,"column":38},"end":{"line":67,"column":46}},"37":{"start":{"line":69,"column":2},"end":{"line":73,"column":3}},"38":{"start":{"line":70,"column":4},"end":{"line":72,"column":69}},"39":{"start":{"line":75,"column":2},"end":{"line":80,"column":3}},"40":{"start":{"line":76,"column":20},"end":{"line":76,"column":70}},"41":{"start":{"line":77,"column":4},"end":{"line":77,"column":73}},"42":{"start":{"line":79,"column":4},"end":{"line":79,"column":49}},"43":{"start":{"line":84,"column":18},"end":{"line":107,"column":1}},"44":{"start":{"line":85,"column":33},"end":{"line":85,"column":41}},"45":{"start":{"line":88,"column":2},"end":{"line":92,"column":3}},"46":{"start":{"line":89,"column":4},"end":{"line":91,"column":69}},"47":{"start":{"line":94,"column":2},"end":{"line":106,"column":3}},"48":{"start":{"line":96,"column":17},"end":{"line":96,"column":73}},"49":{"start":{"line":97,"column":4},"end":{"line":99,"column":5}},"50":{"start":{"line":98,"column":6},"end":{"line":98,"column":74}},"51":{"start":{"line":100,"column":4},"end":{"line":103,"column":7}},"52":{"start":{"line":105,"column":4},"end":{"line":105,"column":49}},"53":{"start":{"line":109,"column":23},"end":{"line":135,"column":1}},"54":{"start":{"line":110,"column":47},"end":{"line":110,"column":55}},"55":{"start":{"line":113,"column":2},"end":{"line":117,"column":3}},"56":{"start":{"line":114,"column":4},"end":{"line":116,"column":68}},"57":{"start":{"line":118,"column":2},"end":{"line":134,"column":3}},"58":{"start":{"line":120,"column":17},"end":{"line":120,"column":66}},"59":{"start":{"line":121,"column":4},"end":{"line":125,"column":5}},"60":{"start":{"line":122,"column":6},"end":{"line":124,"column":76}},"61":{"start":{"line":127,"column":4},"end":{"line":127,"column":51}},"62":{"start":{"line":128,"column":4},"end":{"line":131,"column":7}},"63":{"start":{"line":133,"column":4},"end":{"line":133,"column":67}},"64":{"start":{"line":137,"column":18},"end":{"line":157,"column":1}},"65":{"start":{"line":138,"column":26},"end":{"line":138,"column":34}},"66":{"start":{"line":141,"column":2},"end":{"line":145,"column":3}},"67":{"start":{"line":142,"column":4},"end":{"line":144,"column":68}},"68":{"start":{"line":146,"column":2},"end":{"line":156,"column":3}},"69":{"start":{"line":148,"column":24},"end":{"line":148,"column":57}},"70":{"start":{"line":149,"column":4},"end":{"line":153,"column":7}},"71":{"start":{"line":155,"column":4},"end":{"line":155,"column":67}},"72":{"start":{"line":159,"column":22},"end":{"line":200,"column":1}},"73":{"start":{"line":160,"column":48},"end":{"line":160,"column":56}},"74":{"start":{"line":163,"column":2},"end":{"line":167,"column":3}},"75":{"start":{"line":164,"column":4},"end":{"line":166,"column":68}},"76":{"start":{"line":170,"column":2},"end":{"line":175,"column":3}},"77":{"start":{"line":171,"column":4},"end":{"line":174,"column":7}},"78":{"start":{"line":177,"column":2},"end":{"line":199,"column":3}},"79":{"start":{"line":179,"column":17},"end":{"line":179,"column":47}},"80":{"start":{"line":180,"column":4},"end":{"line":184,"column":5}},"81":{"start":{"line":181,"column":6},"end":{"line":183,"column":69}},"82":{"start":{"line":185,"column":4},"end":{"line":189,"column":5}},"83":{"start":{"line":186,"column":6},"end":{"line":188,"column":74}},"84":{"start":{"line":192,"column":4},"end":{"line":192,"column":34}},"85":{"start":{"line":193,"column":4},"end":{"line":196,"column":7}},"86":{"start":{"line":198,"column":4},"end":{"line":198,"column":67}},"87":{"start":{"line":202,"column":0},"end":{"line":211,"column":2}}},"fnMap":{"0":{"name":"(anonymous_0)","decl":{"start":{"line":6,"column":25},"end":{"line":6,"column":26}},"loc":{"start":{"line":6,"column":37},"end":{"line":14,"column":1}},"line":6},"1":{"name":"(anonymous_1)","decl":{"start":{"line":7,"column":21},"end":{"line":7,"column":22}},"loc":{"start":{"line":7,"column":42},"end":{"line":13,"column":3}},"line":7},"2":{"name":"(anonymous_2)","decl":{"start":{"line":8,"column":53},"end":{"line":8,"column":54}},"loc":{"start":{"line":8,"column":72},"end":{"line":11,"column":5}},"line":8},"3":{"name":"(anonymous_3)","decl":{"start":{"line":16,"column":27},"end":{"line":16,"column":28}},"loc":{"start":{"line":16,"column":47},"end":{"line":40,"column":1}},"line":16},"4":{"name":"(anonymous_4)","decl":{"start":{"line":43,"column":17},"end":{"line":43,"column":18}},"loc":{"start":{"line":43,"column":37},"end":{"line":50,"column":1}},"line":43},"5":{"name":"(anonymous_5)","decl":{"start":{"line":53,"column":16},"end":{"line":53,"column":17}},"loc":{"start":{"line":53,"column":36},"end":{"line":63,"column":1}},"line":53},"6":{"name":"(anonymous_6)","decl":{"start":{"line":66,"column":19},"end":{"line":66,"column":20}},"loc":{"start":{"line":66,"column":39},"end":{"line":81,"column":1}},"line":66},"7":{"name":"(anonymous_7)","decl":{"start":{"line":84,"column":18},"end":{"line":84,"column":19}},"loc":{"start":{"line":84,"column":38},"end":{"line":107,"column":1}},"line":84},"8":{"name":"(anonymous_8)","decl":{"start":{"line":109,"column":23},"end":{"line":109,"column":24}},"loc":{"start":{"line":109,"column":43},"end":{"line":135,"column":1}},"line":109},"9":{"name":"(anonymous_9)","decl":{"start":{"line":137,"column":18},"end":{"line":137,"column":19}},"loc":{"start":{"line":137,"column":38},"end":{"line":157,"column":1}},"line":137},"10":{"name":"(anonymous_10)","decl":{"start":{"line":159,"column":22},"end":{"line":159,"column":23}},"loc":{"start":{"line":159,"column":42},"end":{"line":200,"column":1}},"line":159}},"branchMap":{"0":{"loc":{"start":{"line":9,"column":6},"end":{"line":10,"column":25}},"type":"if","locations":[{"start":{"line":9,"column":6},"end":{"line":10,"column":25}},{"start":{"line":10,"column":11},"end":{"line":10,"column":25}}],"line":9},"1":{"loc":{"start":{"line":19,"column":4},"end":{"line":21,"column":5}},"type":"if","locations":[{"start":{"line":19,"column":4},"end":{"line":21,"column":5}},{"start":{},"end":{}}],"line":19},"2":{"loc":{"start":{"line":25,"column":4},"end":{"line":25,"column":78}},"type":"if","locations":[{"start":{"line":25,"column":4},"end":{"line":25,"column":78}},{"start":{},"end":{}}],"line":25},"3":{"loc":{"start":{"line":57,"column":4},"end":{"line":58,"column":73}},"type":"if","locations":[{"start":{"line":57,"column":4},"end":{"line":58,"column":73}},{"start":{},"end":{}}],"line":57},"4":{"loc":{"start":{"line":69,"column":2},"end":{"line":73,"column":3}},"type":"if","locations":[{"start":{"line":69,"column":2},"end":{"line":73,"column":3}},{"start":{},"end":{}}],"line":69},"5":{"loc":{"start":{"line":69,"column":6},"end":{"line":69,"column":28}},"type":"binary-expr","locations":[{"start":{"line":69,"column":6},"end":{"line":69,"column":15}},{"start":{"line":69,"column":19},"end":{"line":69,"column":28}}],"line":69},"6":{"loc":{"start":{"line":88,"column":2},"end":{"line":92,"column":3}},"type":"if","locations":[{"start":{"line":88,"column":2},"end":{"line":92,"column":3}},{"start":{},"end":{}}],"line":88},"7":{"loc":{"start":{"line":88,"column":6},"end":{"line":88,"column":28}},"type":"binary-expr","locations":[{"start":{"line":88,"column":6},"end":{"line":88,"column":15}},{"start":{"line":88,"column":19},"end":{"line":88,"column":28}}],"line":88},"8":{"loc":{"start":{"line":97,"column":4},"end":{"line":99,"column":5}},"type":"if","locations":[{"start":{"line":97,"column":4},"end":{"line":99,"column":5}},{"start":{},"end":{}}],"line":97},"9":{"loc":{"start":{"line":113,"column":2},"end":{"line":117,"column":3}},"type":"if","locations":[{"start":{"line":113,"column":2},"end":{"line":117,"column":3}},{"start":{},"end":{}}],"line":113},"10":{"loc":{"start":{"line":113,"column":6},"end":{"line":113,"column":45}},"type":"binary-expr","locations":[{"start":{"line":113,"column":6},"end":{"line":113,"column":13}},{"start":{"line":113,"column":17},"end":{"line":113,"column":29}},{"start":{"line":113,"column":33},"end":{"line":113,"column":45}}],"line":113},"11":{"loc":{"start":{"line":121,"column":4},"end":{"line":125,"column":5}},"type":"if","locations":[{"start":{"line":121,"column":4},"end":{"line":125,"column":5}},{"start":{},"end":{}}],"line":121},"12":{"loc":{"start":{"line":141,"column":2},"end":{"line":145,"column":3}},"type":"if","locations":[{"start":{"line":141,"column":2},"end":{"line":145,"column":3}},{"start":{},"end":{}}],"line":141},"13":{"loc":{"start":{"line":141,"column":6},"end":{"line":141,"column":33}},"type":"binary-expr","locations":[{"start":{"line":141,"column":6},"end":{"line":141,"column":13}},{"start":{"line":141,"column":17},"end":{"line":141,"column":33}}],"line":141},"14":{"loc":{"start":{"line":163,"column":2},"end":{"line":167,"column":3}},"type":"if","locations":[{"start":{"line":163,"column":2},"end":{"line":167,"column":3}},{"start":{},"end":{}}],"line":163},"15":{"loc":{"start":{"line":163,"column":6},"end":{"line":163,"column":46}},"type":"binary-expr","locations":[{"start":{"line":163,"column":6},"end":{"line":163,"column":13}},{"start":{"line":163,"column":17},"end":{"line":163,"column":26}},{"start":{"line":163,"column":30},"end":{"line":163,"column":46}}],"line":163},"16":{"loc":{"start":{"line":170,"column":2},"end":{"line":175,"column":3}},"type":"if","locations":[{"start":{"line":170,"column":2},"end":{"line":175,"column":3}},{"start":{},"end":{}}],"line":170},"17":{"loc":{"start":{"line":180,"column":4},"end":{"line":184,"column":5}},"type":"if","locations":[{"start":{"line":180,"column":4},"end":{"line":184,"column":5}},{"start":{},"end":{}}],"line":180},"18":{"loc":{"start":{"line":185,"column":4},"end":{"line":189,"column":5}},"type":"if","locations":[{"start":{"line":185,"column":4},"end":{"line":189,"column":5}},{"start":{},"end":{}}],"line":185}},"s":{"0":0,"1":0,"2":0,"3":0,"4":0,"5":0,"6":0,"7":0,"8":0,"9":0,"10":0,"11":0,"12":0,"13":0,"14":0,"15":0,"16":0,"17":0,"18":0,"19":0,"20":0,"21":0,"22":0,"23":0,"24":0,"25":0,"26":0,"27":0,"28":0,"29":0,"30":0,"31":0,"32":0,"33":0,"34":0,"35":0,"36":0,"37":0,"38":0,"39":0,"40":0,"41":0,"42":0,"43":0,"44":0,"45":0,"46":0,"47":0,"48":0,"49":0,"50":0,"51":0,"52":0,"53":0,"54":0,"55":0,"56":0,"57":0,"58":0,"59":0,"60":0,"61":0,"62":0,"63":0,"64":0,"65":0,"66":0,"67":0,"68":0,"69":0,"70":0,"71":0,"72":0,"73":0,"74":0,"75":0,"76":0,"77":0,"78":0,"79":0,"80":0,"81":0,"82":0,"83":0,"84":0,"85":0,"86":0,"87":0},"f":{"0":0,"1":0,"2":0,"3":0,"4":0,"5":0,"6":0,"7":0,"8":0,"9":0,"10":0},"b":{"0":[0,0],"1":[0,0],"2":[0,0],"3":[0,0],"4":[0,0],"5":[0,0],"6":[0,0],"7":[0,0],"8":[0,0],"9":[0,0],"10":[0,0,0],"11":[0,0],"12":[0,0],"13":[0,0],"14":[0,0],"15":[0,0,0],"16":[0,0],"17":[0,0],"18":[0,0]}}
}
