TN:
SF:controllers\ideaController.js
FN:7,(anonymous_0)
FN:8,(anonymous_1)
FN:9,(anonymous_2)
FN:18,(anonymous_3)
FN:28,(anonymous_4)
FN:44,(anonymous_5)
FN:69,(anonymous_6)
FN:82,(anonymous_7)
FNF:8
FNH:8
FNDA:2,(anonymous_0)
FNDA:2,(anonymous_1)
FNDA:2,(anonymous_2)
FNDA:2,(anonymous_3)
FNDA:3,(anonymous_4)
FNDA:3,(anonymous_5)
FNDA:2,(anonymous_6)
FNDA:2,(anonymous_7)
DA:2,1
DA:3,1
DA:4,1
DA:7,1
DA:8,2
DA:9,2
DA:10,2
DA:11,1
DA:13,2
DA:18,1
DA:19,2
DA:20,2
DA:21,1
DA:23,1
DA:28,1
DA:29,3
DA:30,3
DA:31,3
DA:33,2
DA:34,1
DA:37,1
DA:39,1
DA:44,1
DA:45,3
DA:46,3
DA:48,3
DA:49,2
DA:50,1
DA:53,2
DA:60,2
DA:61,2
DA:63,1
DA:64,1
DA:69,1
DA:70,2
DA:71,2
DA:72,2
DA:74,2
DA:75,1
DA:77,1
DA:82,1
DA:83,2
DA:84,2
DA:85,2
DA:86,1
DA:88,1
DA:92,1
LF:47
LH:47
BRDA:10,0,0,1
BRDA:10,0,1,1
BRDA:33,1,0,1
BRDA:33,1,1,1
BRDA:48,2,0,2
BRDA:48,2,1,1
BRDA:64,3,0,1
BRDA:64,3,1,0
BRF:8
BRH:7
end_of_record
TN:
SF:controllers\userController.js
FN:6,(anonymous_0)
FN:7,(anonymous_1)
FN:8,(anonymous_2)
FN:16,(anonymous_3)
FN:43,(anonymous_4)
FN:53,(anonymous_5)
FN:66,(anonymous_6)
FN:84,(anonymous_7)
FN:109,(anonymous_8)
FN:137,(anonymous_9)
FN:159,(anonymous_10)
FNF:11
FNH:11
FNDA:2,(anonymous_0)
FNDA:2,(anonymous_1)
FNDA:2,(anonymous_2)
FNDA:3,(anonymous_3)
FNDA:2,(anonymous_4)
FNDA:2,(anonymous_5)
FNDA:2,(anonymous_6)
FNDA:2,(anonymous_7)
FNDA:2,(anonymous_8)
FNDA:2,(anonymous_9)
FNDA:3,(anonymous_10)
DA:2,1
DA:3,1
DA:4,1
DA:6,1
DA:7,2
DA:8,2
DA:9,2
DA:10,1
DA:12,2
DA:16,1
DA:17,3
DA:18,3
DA:19,3
DA:20,0
DA:23,3
DA:25,3
DA:27,2
DA:28,1
DA:33,1
DA:38,1
DA:43,1
DA:44,2
DA:45,2
DA:46,1
DA:48,1
DA:53,1
DA:54,2
DA:55,2
DA:56,2
DA:57,2
DA:58,1
DA:59,1
DA:61,0
DA:66,1
DA:67,2
DA:69,2
DA:70,1
DA:75,1
DA:76,1
DA:77,1
DA:79,0
DA:84,1
DA:85,2
DA:88,2
DA:89,0
DA:94,2
DA:96,2
DA:97,2
DA:98,1
DA:100,1
DA:105,0
DA:109,1
DA:110,2
DA:113,2
DA:114,0
DA:118,2
DA:120,2
DA:121,2
DA:122,1
DA:127,1
DA:128,1
DA:133,0
DA:137,1
DA:138,2
DA:141,2
DA:142,1
DA:146,1
DA:148,1
DA:149,1
DA:155,0
DA:159,1
DA:160,3
DA:163,3
DA:164,0
DA:170,3
DA:171,1
DA:177,2
DA:179,2
DA:180,2
DA:181,0
DA:185,2
DA:186,1
DA:192,1
DA:193,1
DA:198,0
DA:202,1
LF:86
LH:75
BRDA:9,0,0,1
BRDA:9,0,1,1
BRDA:19,1,0,0
BRDA:19,1,1,3
BRDA:25,2,0,1
BRDA:25,2,1,2
BRDA:57,3,0,1
BRDA:57,3,1,1
BRDA:69,4,0,1
BRDA:69,4,1,1
BRDA:69,5,0,2
BRDA:69,5,1,1
BRDA:88,6,0,0
BRDA:88,6,1,2
BRDA:88,7,0,2
BRDA:88,7,1,2
BRDA:97,8,0,1
BRDA:97,8,1,1
BRDA:113,9,0,0
BRDA:113,9,1,2
BRDA:113,10,0,2
BRDA:113,10,1,2
BRDA:113,10,2,2
BRDA:121,11,0,1
BRDA:121,11,1,1
BRDA:141,12,0,1
BRDA:141,12,1,1
BRDA:141,13,0,2
BRDA:141,13,1,2
BRDA:163,14,0,0
BRDA:163,14,1,3
BRDA:163,15,0,3
BRDA:163,15,1,3
BRDA:163,15,2,3
BRDA:170,16,0,1
BRDA:170,16,1,2
BRDA:180,17,0,0
BRDA:180,17,1,2
BRDA:185,18,0,1
BRDA:185,18,1,1
BRF:40
BRH:35
end_of_record
